## 开始执行... 2022-01-10 10:26:48


🔔城城领现金, 开始!

====================共375个京东账号Cookie=========

==================脚本执行- 北京时间(UTC+8)：2022/1/10 上午10:26:48=====================

脚本不会自动抽奖，建议活动快结束开启，默认关闭(在10.29日自动开启抽奖),如需自动抽奖请设置环境变量  JD_CITY_EXCHANGE 为true

【账号1（jd_413898b7fccbf）的城城领现金助力码】
 -ryUXa0Pbm1LMRWSGYiXocgxvQ9_3cUr


【账号2（jd_AnoZZLmLoYbq）的城城领现金助力码】
 -ryUKPJTDA4_Pm6bI4mEu1jiZOdTthk


【账号3（jd_7446671041529）的城城领现金助力码】
 -ryUXqgIYGJEYhLAS97H_phMNj6uEwgU


【账号4（jd_69e69f2caf5da）的城城领现金助力码】
 -ryUX6VZYG0VYUGVHN6Rpnv-i5lwAGx6


【账号5（jd_5468d3529fa90）的城城领现金助力码】
 -ryUXKgKbjBAZhDNHIrM96N6_XP10xR3


【账号6（jd_689e64850fe0d）的城城领现金助力码】
 -ryUX6QFM2JHaxfEHI7Fo7ASlDsfB4oj


【账号7（jd_6f0588007a576）的城城领现金助力码】
 -ryUX_oMY2xLYxLDG97C8cbYlxa8aaIl


【账号8（jd_53b5b247d57f9）的城城领现金助力码】
 -ryUXK9eYzZBZxWQT9yT_uBsjRz95w5T


【账号9（jd_7939172f0a31c）的城城领现金助力码】
 -ryUXqUPb2VEYUTEG9jEpD-cbgx-1dEY


【账号10（jd_rxdPsTTcDgFV）的城城领现金助力码】
 -ryUG-RYBicnB0GwHa2juzciEoPPhAo


【账号11（jd_WoVDDSvIkJpi）的城城领现金助力码】
 -ryUPvNqEhAgJWufMJucuzSCS7hqvTA


【账号12（15052090095zhou）的城城领现金助力码】
 oe37XK4Mb2RDaheOEoSAu_SytuO9G_o


【账号13（jd_mstCfGASkOcq）的城城领现金助力码】
 -ryUBO9IFTI0EnGfNYiEu2TKZMSLAp4


【账号14（jd_58370c1b4a6ae）的城城领现金助力码】
 -ryUXKQPYWQQYkDAG92Uon7bLVdKIszj


【账号15（jd_BNDZHmMDGGhu）的城城领现金助力码】
 -ryUK9J4DBweHmazPYOAu6kHEIstD8g


【账号16（jd_VSmsrPTozmoH）的城城领现金助力码】
 -ryUP89RJSYjB02OF4S9u_C1semTmBM


【账号17（jd_7de5996f1bfb4）的城城领现金助力码】
 -ryUXvhZY21KZUTFGI2X85tA-NkpzMnL


【账号18（jd_45498d38a9c97）的城城领现金助力码】
 -ryUXakIb2wXYBqVQ4jM8I9go-SLZHiD


【账号19（15306267772_p）的城城领现金助力码】
 oe34WaoOYGNEZBCrCpeJ91FPWPhO


【账号20（jd_7c3c68f72e067）的城城领现金助力码】
 -ryUXv8PNWJLNRXGH9vD8ArJWJRolA2Y


【账号21（千山暮雪0532）的城城领现金助力码】
 dVVIjC2NsM7durleSt7G9eub6UP8m6zo


【账号22（jd_7037eeb237a5b）的城城领现金助力码】
 -ryUXqwPYTEWMRDHTYrApUCUmFZmxlD2


【账号23（jd_4810aecee63b6）的城城领现金助力码】
 -ryUXaQNZjUWMEeRTNiX8UG7GyG--Fli


【账号24（jd_7ba773a74d158）的城城领现金助力码】
 -ryUXv5dYWNAMhXAHtrA_z10v00yFiPZ


【账号25（难解其中味）的城城领现金助力码】
 eUJ1gTufs9HFt5pZn3pGuwIA_8T9ZwM


【账号26（wdGeaCERJPKdal）的城城领现金助力码】
 57yMDP1_EwY5A2mQG4eJu6I4LT5Omw


【账号27（jd_5740d4a360c90）的城城领现金助力码】
 -ryUXKsIZjBHMhHCSojM9yHOiwsFk7-p


【账号28（bus_wu）的城城领现金助力码】
 8q24NutJKihDL17VOs8


【账号29（jd_7e0c162ed1132）的城城领现金助力码】
 -ryUXvkMNWVFYUeQS9rG9ZJjlC6D-QSI


【账号30（jd_57f3e04de9cc3）的城城领现金助力码】
 -ryUXKtaZTFDZ0aRQ4iW9FZ1oBqM5-zf


【账号31（jd_AHiqABQPGyZX）的城城领现金助力码】
 -ryUKNRVJxUxAnKzA7Gtu3THU9jvq2k


【账号32（歌歌的怀念）的城城领现金助力码】
 dnVHjzGwsc73taJ0n1RAu46xxABnolQ


【账号33（jd_78bd97f5f848d）的城城领现金助力码】
 -ryUXqReMm1ENReSQt_No3K0nojECktB


【账号34（jd_4382345f28f3b）的城城领现金助力码】
 -ryUXa8EZGdHZkTGQo3GpZjJwuUgnEJ4


【账号35（jd_7b0ca24531079）的城城领现金助力码】
 -ryUXv4MNTVBZxfHS9vC_s6J2t-mOWlx



获取邀请码失败:活动太火爆啦
账号已黑，看不到邀请码



获取邀请码失败:活动太火爆啦
账号已黑，看不到邀请码


【账号38（jd_RjIPWlzkqRgO）的城城领现金助力码】
 -ryUO_Z1BgMfKUmFKIy6u56kHD51Om4


【账号39（jd_751ef6603c670）的城城领现金助力码】
 -ryUXqkNMzJFZRLHGd3C9w8VUjU-JEn0



获取邀请码失败:活动太火爆啦
账号已黑，看不到邀请码


【账号41（jd_63104d4178979）的城城领现金助力码】
 -ryUX68NZmAXZxPDQtLC_heGzuRCC6nD


【账号42（jd_410bfee705d47）的城城领现金助力码】
 -ryUXa0MNDIWNhXET4_B8Owg5K3CfjJb


【账号43（jd_5b7c6c95183a4）的城城领现金助力码】
 -ryUXP4LNWIQahfFQtiU8_BDRMJa3l_t


【账号44（jd_691f824955953）的城城领现金助力码】
 -ryUX6UNMGxBZxvBT9LA9DkzfKT43Zvo


【账号45（jd_WYUTffkjlDhd）的城城领现金助力码】
 -ryUPsVpAjIVOEiYPoORuxU9VCzky9M


【账号46（春风过马）的城城领现金助力码】
 dkBugD-yvuv0uotYBpfFu71RFNs



获取邀请码失败:活动太火爆啦
账号已黑，看不到邀请码


【账号48（jd_7ab627f9bc030）的城城领现金助力码】
 -ryUXv1eYGZENRuWGdvG9xpxNiwvowB8


【账号49（陈景511）的城城领现金助力码】
 eUFDjwWTY2VCL17EBpfUh8g


【账号50（jd_YerlEfkWwoCI）的城城领现金助力码】
 -ryUMPlOOhEVOHWDFai8u5vmTaEkN0U


【账号51（昕星辰）的城城领现金助力码】
 dkBejwSjvurDL17EBpfUh7E


【账号52（jd_59ad38ebc6bad）的城城领现金助力码】
 -ryUXKVdMmdLNkCXTImUo4__XQn3DnGS


【账号53（jd_4ec50f34281fd）的城城领现金助力码】
 -ryUXflfY2QVYBbGQtqTow67sA_AHUSf


【账号54（jd_PNyZcqPpWYGc）的城城领现金助力码】
 -ryUOdJFDDcCA1KjI6yWu8tXwJj8Jbk


【账号55（锰酸钾）的城城领现金助力码】
 eUx7gBmEv8bNL17EBpfUh6s


【账号56（18039551109_p）的城城领现金助力码】
 oeD7WqUJY2VCYxurCpeJ9wCvxjIB


【账号57（jd_tqaVFhiQlKUO）的城城领现金助力码】
 -ryUHe1dABIbOnOYMb66u9lBIXaJ8fA


【账号58（愛哭灬猫）的城城领现金助力码】
 dlxQjA-RsdXftK5fBpfFu2bGBfo


【账号59（jd_75495a211c482）的城城领现金助力码】
 -ryUXqkIb2ESYRPFGd_N9QnwHDWonL_V


【账号60（jd_DjTYElxspwEk）的城城领现金助力码】
 -ryULfZoDxEfK1GEDa6eu8Eo8Pq9SnY


【账号61（jd_50c540f82445b）的城城领现金助力码】
 -ryUXKxfY2BDNRrGTt_ApX2zcx-8DqAo


【账号62（565294980_m）的城城领现金助力码】
 pe7-W6UIb2xDDE-IBtuJu5YZ6g


【账号63（jd_7647947a0a914）的城城领现金助力码】
 -ryUXqoIYW1HZEPEG9LE8yA9_vybIhJN


【账号64（jd_hhHxyNfoQYcd）的城城领现金助力码】
 -ryUAfR0Li09NU2lI4iRu5U5hKvaz4E


【账号65（jd_itizVwOZWbyq）的城城领现金助力码】
 -ryUAOhVLAIEHHijGJKEu4UZpmz506w


【账号66（jd_7036f19b5ea01）的城城领现金助力码】
 -ryUXqwPYDJCakDBH4rF9otmAQ_24-M0



city_getHomeDatav1失败:{"code":-30001,"msg":"登陆失败"}


【账号68（zengxiaodi123456）的城城领现金助力码】
 6r2lDuRVNzsXOhPGSd_A8ZdKrcnXr78q


【账号69（jd_58315dc5c11c4）的城城领现金助力码】
 -ryUXKQPZ2EXMBeXS9qW87cudIKQNI2E



获取邀请码失败:活动太火爆啦
账号已黑，看不到邀请码



获取邀请码失败:活动太火爆啦
账号已黑，看不到邀请码


【账号72（jd_46fd0a27a44f2）的城城领现金助力码】
 -ryUXapaMmQSYRWVTt-T9aeBMLKP4t_w


【账号73（7866545-588391）的城城领现金助力码】
 p-D9X6kIY3lGaxrHQ9qJu0_UKVlZEQ


【账号74（jd_55229a2e65f96）的城城领现金助力码】
 -ryUXKkOZG0SYUfCT43M8QM4A0Bw1W3k



获取邀请码失败:活动太火爆啦
账号已黑，看不到邀请码


【账号76（jd_674c389b91b35）的城城领现金助力码】
 -ryUX6sINWdLakDNS4nG8ivyS2EMAtjB


【账号77（林树龙）的城城领现金助力码】
 dkZcjzytv-rqL17EBpfUh1E


【账号78（jd_5af470caf3daf）的城城领现金助力码】
 -ryUXP1aYmNDMEOSSY-UoX92Jvi25GiC


【账号79（jd_7146abaa07417）的城城领现金助力码】
 -ryUXq0IYDURMkPETd_E8EdXm6hjOiTQ


【账号80（hou8762000_m）的城城领现金助力码】
 -Le-UasKZGRDY32ZBpfFu7j96Wg


【账号81（jd_5132de1c9437b）的城城领现金助力码】
 -ryUXK0PZDAWYkHNTtjCpWYUOl22OMo_


【账号82（jd_IWXvjAhpmLtJ）的城城领现金助力码】
 -ryUIMtkID4yO1KZNp-_u9OR3QYEEhY


【账号83（jd_4bfed3a8ebcfe）的城城领现金助力码】
 -ryUXf5aMzBAMhqRGIiToleOH38uLWR7


【账号84（jd_558125e18786a）的城城领现金助力码】
 -ryUXKkEZ2ZGNhPMTdPDpnbObq0Bf0Q7


【账号85（jd_7c5361ff0dce9）的城城领现金助力码】
 -ryUXv8JZWJCNUTEHoiQ_tNUSBhqFK8v


【账号86（jd_TRUppNaSTuFW）的城城领现金助力码】
 -ryUPc5pJiQ9MnGgD62iu4PyRbvs37M



获取邀请码失败:活动太火爆啦
账号已黑，看不到邀请码


【账号88（jd_HKUlAABoPPYQ）的城城领现金助力码】
 -ryUIddpOhUyEU2kKrKku9Two9LyVQI


【账号89（jd_ERxcIZRKQVjf）的城城领现金助力码】
 -ryULM5ENR0pAWmlLIGTuzsoJMaBDPk



获取邀请码失败:活动太火爆啦
账号已黑，看不到邀请码


【账号91（jd_5b66b5056a1b6）的城城领现金助力码】
 -ryUXP4KYDZGYxfCG9qX8f-VN8TUqWHi


【账号92（15819728097_p）的城城领现金助力码】
 oe3zWKULZGxDahWrCpeJ93wDPOff


【账号93（jd_45e2bfec57b58）的城城领现金助力码】
 -ryUXalZZDYVNkHBTYnA__k87aa2zqnl



获取邀请码失败:活动太火爆啦
账号已黑，看不到邀请码



获取邀请码失败:活动太火爆啦
账号已黑，看不到邀请码


【账号96（jd_59793beaa8e1e）的城城领现金助力码】
 -ryUXKULb2cRNkOVQo7EoqxMpty7dwyV



获取邀请码失败:活动太火爆啦
账号已黑，看不到邀请码


【账号98（jd_RdicYkiqmTpY）的城城领现金助力码】
 -ryUO_hVNQ0YOlOZLpusuybDc7OIK0U



获取邀请码失败:活动太火爆啦
账号已黑，看不到邀请码


【账号100（jd_69903e4f9b5c2）的城城领现金助力码】
 -ryUX6UFZmcWZ0TNGN6W9ftJ-zSNR84q


【账号101（jd_519e29beb430e）的城城领现金助力码】
 -ryUXK0FM2ZKMUeWTtjFoh2rr4FeHNmw


【账号102（jd_ezFHGYgaMtWr）的城城领现金助力码】
 -ryUDOZ6HhMqNEO5DryHuziWKzDAdWA


【账号103（caomei1009）的城城领现金助力码】
 87mkBPlVZ2RDal6ISpeJ5tu6


【账号104（jd_62c298bd330ed）的城城领现金助力码】
 -ryUX65fZG1LMUbHSduQo60u_H4TgoQu


【账号105（jd_7d2c7fd145609）的城城领现金助力码】
 -ryUXvgONWMVNxPAT93F_qgCXZYmPrwn


【账号106（wdHzQGERXUKCGa）的城城领现金助力码】
 57yDE817EwYrBmm3PYqJu3j5A7Dwrw


【账号107（wdNgbnJEXyfmEIy）的城城领现金助力码】
 57yFDv5SHBErKkSZP6KMu51Mk2BTDmU


【账号108（jd_46fd0a27a44f2）的城城领现金助力码】
 -ryUXapaMmQSYRWVTt-T9aeBMLKP4t_w


【账号109（jd_4ca62ba841754）的城城领现金助力码】
 -ryUXf9dYGYRMhrAS9zA80fl5dcUgxZP


【账号110（jd_473ed73661895）的城城领现金助力码】
 -ryUXasPMzBEYBTCS9PM8gkk22C65qjw


【账号111（jd_541f401bbcf76）的城城领现金助力码】
 -ryUXKgNMGBDYkCWGY3C8Z_uCkeJK_h0


【账号112（jd_6f971cb5faa3d）的城城领现金助力码】
 -ryUX_oFYWUQMReSG4rGo9TgkPxNvog9


【账号113（jd_nJbxvrVDcjyD）的城城领现金助力码】
 -ryUB9ZeLiIBBWaXEJKxu_ek4deqMuM


【账号114（jd_7ab627f9bc030）的城城领现金助力码】
 -ryUXv1eYGZENRuWGdvG9xpxNiwvowB8


【账号115（jd_610fd23b8b94b）的城城领现金助力码】
 -ryUX60MMDBBYEDMGNLBpdYiuc5VfA7T



获取邀请码失败:活动太火爆啦
账号已黑，看不到邀请码


【账号117（jd_UbrkPfRzJTrO）的城城领现金助力码】
 -ryUPP5OPQQVAVi-Lpm6uzxN3hSyqrQ


【账号118（jd_6f2f3432f32c0）的城城领现金助力码】
 -ryUX_oOMGdHYBCSSdmW91tqryRQ4PMz


【账号119（jd_5112408574948）的城城领现金助力码】
 -ryUXK0NZGBDaxfDTtLB_4G-nZyrBn5X


【账号120（jd_hMIXVJLGuqkF）的城城领现金助力码】
 -ryUAdF1DgI5H2WBC4Czu0uS5F9ck_A


【账号121（jd_5e39471ad70de）的城城领现金助力码】
 -ryUXPkPb2BEYkOQTduRov8nqvHXvi9X


【账号122（bus_wu）的城城领现金助力码】
 8q24NutJKihDL17VOs8


【账号123（jd_51b9f7ebae2a7）的城城领现金助力码】
 -ryUXK1ebzJENkCVH9mU8GRd5Lvanfch


【账号124（jd_7f5fd911b5992）的城城领现金助力码】
 -ryUXvoJMDBKYhOWT9LM9ea8aBJ4c-f9



获取邀请码失败:活动太火爆啦
账号已黑，看不到邀请码


【账号126（jd_590e753a228a6）的城城领现金助力码】
 -ryUXKUMM2NGYEPGSNOU8bdxXsW-4nIW


【账号127（jd_PLVESIWaZUsO）的城城领现金助力码】
 -ryUOdBqEwc6BEOuL5i6u3Wa_k3J4Oo


【账号128（jd_6dc92b36e7a63）的城城领现金助力码】
 -ryUX_hfb2YRYBSRTYrD9NfS4g6x3D2h


【账号129（jd_utrJrJnDtgFi）的城城领现金助力码】
 -ryUHOhOHCY5PWaAHa2cu_IS0uaBsI8


【账号130（jd_7c0628f9e5f06）的城城领现金助力码】
 -ryUXv8MYGZLNRuRT43F8cvHTlt8mtjc


【账号131（jd_RwJMXpivrwCe）的城城领现金助力码】
 -ryUO-t2GwwDOlSGDaiQuxodQXHTPMk


【账号132（jd_JsJIKWtXpMFu）的城城领现金助力码】
 -ryUI-92Hx8kJ3qEN62Au35mzaQhTs8


【账号133（jane240445703）的城城领现金助力码】
 -rmlDK4IZmBHZhXESZeJ90zDjzK5


【账号134（jd_vnDzWrcxrMFE）的城城领现金助力码】
 -ryUH_J4LAMBMFqGN62wu83nVZQQh9s


【账号135（jd_STOeVLfjLRUG）的城城领现金助力码】
 -ryUOshzMwI_NUi4KL6yu2uYLFZouMM


【账号136（jd_QxTJwepBTzsI）的城城领现金助力码】
 -ryUOORoHCMWI2CgAJi8u6fI2b9wY30


【账号137（jd_7a201f1e98de7）的城城领现金助力码】
 -ryUXv0OZmUVYkfNQo-Q8IvTW_2Jved3


【账号138（jd_6f41ba547bbf2）的城城领现金助力码】
 -ryUX_oIZzYSZhbDGImT9bFwBmKGLaTR


【账号139（jd_mzDFfiyLNYNd）的城城领现金助力码】
 -ryUBOZ4EDIaKm66I6WRu1DZ26pBYwA


【账号140（sillygirlooo）的城城领现金助力码】
 47GnBeVbPyYfPE2bBpfFu0mp0VA


【账号141（13610108317_p）的城城领现金助力码】
 oev9WKwNZmxAYhWrCpeJ92HNqtGP


【账号142（jd_76a8d7348952d）的城城领现金助力码】
 -ryUXqpdbjBEYBbMQ97Hoztydbw69Sc6


【账号143（jd_4fc67d8c61d94）的城城领现金助力码】
 -ryUXfpfYGMXa0HCS4_M85Ax2cWdxtS8


【账号144（jd_7418d6596f050）的城城领现金助力码】
 -ryUXqgNbjBFZhvCHNvA957ct9yXmRbb


【账号145（jd_53e0a698f2ae5）的城城领现金助力码】
 -ryUXK9ZZjVFahqSSIqQ8ufMoVJP_QXP



获取邀请码失败:活动太火爆啦
账号已黑，看不到邀请码


【账号147（jd_CKmrYkCUxyjy）的城城领现金助力码】
 -ryUKtdRJA0YEHeMA4GMu8-eYnsubnk


【账号148（jd_xygyrXDKNgfn）的城城领现金助力码】
 -ryUEeVbLyYrF2m6HY2bu8fKHiOvHMw


【账号149（jd_WqMFwPHLSsYe）的城城领现金助力码】
 -ryUPu1xECMjG26nCbKQu_-EPLbomLw


【账号150（jd_4bc1e93e53586）的城城领现金助力码】
 -ryUXf5fZzFKYEfBSd7N8RE-f5YUcus2


【账号151（jd_64ceecc80f7a4）的城城领现金助力码】
 -ryUX6hfMzEQMBrEHNyU83sg4nm8n1ZZ


【账号152（jd_422d60c188f33）的城城领现金助力码】
 -ryUXa4OMmJDMBPMQo3G9CiwyZfYrH2M


【账号153（jd_TnozjRzzspdT）的城城领现金助力码】
 -ryUPfJTLD4hKViHCo-hu8zVLCnSBmg


【账号154（周潇宇）的城城领现金助力码】
 dUljjyG7s_r0L17EBpfUh2Q


【账号155（jd_JXMhtXUBXZeJ）的城城领现金助力码】
 -ryUI8RxPiArBmCsII6_uyYXoNw0nGA


【账号156（out小雨点）的城城领现金助力码】
 _62_jCyzv8_btKBNBpfFu1JQXik


【账号157（jd_531916418cb9f）的城城领现金助力码】
 -ryUXK8Nb2VFZxPMGYnMoYkcBdRtci-3


【账号158（q1481880657）的城城领现金助力码】
 4en_Ua0EbmRFZhWIBtuJu1ZXPA


【账号159（jd_7d5259a586b32）的城城领现金助力码】
 -ryUXvgJZGFKMhfMTInG9brlOvswGKmH


【账号160（jd_7b941db6f967e）的城城领现金助力码】
 -ryUXv4FYmUXMRSSQ93CovmYrD4KOyBR


【账号161（黄杜）的城城领现金助力码】
 eWNPjwGgKihDL17VOs8


【账号162（jd_eNZHXdqyCSOF）的城城领现金助力码】
 -ryUDNJmHgwXIlu3KaSzu_YIDBrbLoQ


【账号163（jd_yDzLoJhrZFMJ）的城城领现金助力码】
 -ryUENhGGjs5O1CuPKa_uxFDfKWK8Qw


【账号164（wddtwUdUxXyigx）的城城领现金助力码】
 57yvHetpMgELC1udHZOJu024cuU3qg


【账号165（jd_5730010a601b7）的城城领现金助力码】
 -ryUXKsPZmRCY0PCStqX8Be2dSbifgqj


【账号166（jd_7a4efb5efae53）的城城领现金助力码】
 -ryUXv0IMzIRZkeSG47A9EwRyoxLapeL


【账号167（jd_4dff6ac255675）的城城领现金助力码】
 -ryUXfhaMGISMBDBT93C8v9pxZ4vx_Mf


【账号168（jd_pzpCnpOzwegm）的城城领现金助力码】
 -ryUGeZMFToDHFiDH4yYu2IFxLIJL0s


【账号169（jd_liFjQZLhzohs）的城城领现金助力码】
 -ryUBfV6PAUpH0qOFYOGu6PW0QiqxaE


【账号170（jd_557cda9583843）的城城领现金助力码】
 -ryUXKkLNTASahfMSdPB9Aum7Nr2rZHp


【账号171（jd_4b9ed8a9a8f47）的城城领现金助力码】
 -ryUXf4FMzBLMhuVQo3B8HpBF8O1BsSZ


【账号172（jd_pyNXRKUyZHVq）的城城领现金助力码】
 -ryUGeVyDgY4BluuMr2EuwzvdITNteg


【账号173（101272658-107051）的城城领现金助力码】
 oej6W6sOYGFLfhPETdvA9jfqHEeD24Em


【账号174（jd_SIBEegrgmdKV）的城城领现金助力码】
 -ryUOtV-EzEUIUWZHqCjuwooWxO4_A0


【账号175（wdNwFnIBbUaWrNH）的城城领现金助力码】
 57yFHtpSHxYRBkOjCKW9u6mH3tzimiw


【账号176（梦醒慎）的城城领现金助力码】
 dnptgBqusNH9L17EBpfUh84


【账号177（反反复复飞啊）的城城领现金助力码】
 dVdGjBOxs_D-toZ5k0hrIkWBju_XN00N32I


【账号178（jd_543327dc5d0b9）的城城领现金助力码】
 -ryUXKgPZWZEN0HBHtuX_ib_avUxAwqt


【账号179（jd_ectkeqPdONQp）的城城领现金助力码】
 -ryUDP9IPTECA0a7NLqFu2lO9T2AfHA


【账号180（jd_QwDOcfYpfkhW）的城城领现金助力码】
 -ryUOOt4GTcVClKSEYOiu72LX1_mKbU


【账号181（d_ejk）的城城领现金助力码】
 9IeuA_dAKmQPLwO0Xg


【账号182（13680393362_p）的城城领现金助力码】
 oev9UawPb2dAZRCrCpeJ98t7txMj



获取邀请码失败:活动太火爆啦
账号已黑，看不到邀请码


【账号184（jd_4abf99f9b6c71）的城城领现金助力码】
 -ryUXf1eMG1KNRuWTIjC9ndGcta0aCNs


【账号185（18719231799_p）的城城领现金助力码】
 oeD8WKUOZWVEahurCpeJ96RaEjLd


【账号186（jd_75e8443d4d2f0）的城城领现金助力码】
 -ryUXqlZbmBHYEbAHtmT94UoxeFvKBEE


【账号187（jd_ALoxxfRLpCWp）的城城领现金助力码】
 -ryUKNBTLiwVAW6EObyFu2W3rTzHYns


【账号188（jd_79e768c72dd1e）的城城领现金助力码】
 -ryUXqVZYWJLMBXGHo_Eohaiwx-Ac06q


【账号189（jd_7028aa4602b28）的城城领现金助力码】
 -ryUXqwObjUSZxTESInH_-nPRIo_xI-_


【账号190（jd_5b65625581097）的城城领现金助力码】
 -ryUXP4KY2JBZhfMS9vM8NvfINOCHuXU


【账号191（jd_CnfSQuWaXVhy）的城城领现金助力码】
 -ryUKvJaBQUGBEOsLIOMuwdW-3OjrGI


【账号192（jd_7ea24791482c4）的城城领现金助力码】
 -ryUXvldZGBEahPAQtmW89EGixm_sejV


【账号193（jd_47a411dedae25）的城城领现金助力码】
 -ryUXatdYmVCN0eQG47H8gLwCgz94M7D


【账号194（jd_WnQpJpteIXZT）的城城领现金助力码】
 -ryUPvJtJh4DJ0e9IrGhu-zyhX_Jo_4


【账号195（jd_5da9c737f969b）的城城领现金助力码】
 -ryUXPhdbzdEYBWSQ93MpfUvJuU4ZCl0


【账号196（1285810-78846091）的城城领现金助力码】
 oerzXKQNZnlEaxrATNvM9gavmwjrk3z5


【账号197（18314463579_p）的城城领现金助力码】
 oeD4WKgIYGdGZBurCpeJ91WDMvYF


【账号198（jd_577d7644db2b2）的城城领现金助力码】
 -ryUXKsLMmNFZxaQGNmX9cfdVIJcKGCN


【账号199（jd_54d3a0cd75d61）的城城领现金助力码】
 -ryUXKhYZTVDMEbDT4_D9thkvIPymd4f


【账号200（董玉娇拼购店）的城城领现金助力码】
 eElojhK1s_z0talIkl9YIjNw3Kz23qnEH9I


【账号201（jd_60051d22a729b）的城城领现金助力码】
 -ryUX6wMY2UXYRCVTdnMpTJNEOqrLqfR


【账号202（jd_OJJptxOVXlps）的城城领现金助力码】
 -ryUJtZ2JiALHHSsFpuGu0Tduf7_0VE


【账号203（jd_RoKndmWSgXuo）的城城领现金助力码】
 -ryUO_N3ODAeBHGTIp6au47HP3_lKBY


【账号204（jd_53a5b63ea5630）的城城领现金助力码】
 -ryUXK9dYzZFYEeVT93G98-5Veq2RDad


【账号205（jd_4eb9fd08608f4）的城城领现金助力码】
 -ryUXflebzIXYxrCStOT84Mkxj_qsgVN


【账号206（jjlinfeier）的城城领现金助力码】
 -rKnAPJaMz0WIV6ISpeJ5oj1


【账号207（jd_463a2d85251cd）的城城领现金助力码】
 -ryUXaoPN2YXaxfGT9qWo2K5HtrM5MLk


【账号208（13600865192_p）的城城领现金助力码】
 oev9WawEYGFCahCrCpeJ97Vv8Y8R


【账号209（270271077）的城城领现金助力码】
 ou_7W6sNZmNEL17EBpfUh2k


【账号210（jd_77870cb2ec2b3）的城城领现金助力码】
 -ryUXqsEYWQQMRCRGdmX9CwzWDcx9Xpd


【账号211（言者1986）的城城领现金助力码】
 eHBLgRy5Z21LZV6ISpeJ5vzT



获取邀请码失败:活动太火爆啦
账号已黑，看不到邀请码


【账号213（jd_4287c8b875df0）的城城领现金助力码】
 -ryUXa4EYTdLMRrDT4-T9xu6PK2LBD_a


【账号214（jd_592c563c6eeeb）的城城领现金助力码】
 -ryUXKUONWFFYEHCH46QpQ_3bO_T0CAf


【账号215（wdPKRAdPAnjmNJ）的城城领现金助力码】
 57ybIs59MgQyPUiZNKGJu38o69vyCA


【账号216（jd_7526d7cb09893）的城城领现金助力码】
 -ryUXqkOYDBEMEDEQ9PM9FBQUt2wLw_z


【账号217（jd_UOkuVqLEDYKt）的城城领现金助力码】
 -ryUPNNXIwICH2ewI6CBuyNdKTEr4m4


【账号218（hnjylyk）的城城领现金助力码】
 -LahEPBFPSgPY16IW6vR


【账号219（jd_77cd951bb1605）的城城领现金助力码】
 -ryUXqtfMm1GYkCWS93F8muN_CzOBFet


【账号220（wdhCXulmPpPuyv）的城城领现金助力码】
 57yjKsRJOjkjI3KBA52Ju9rUaTJCoA


【账号221（jd_6351c3b726758）的城城领现金助力码】
 -ryUX68JZzdAMRXGTNzA_wyBexMQn04P


【账号222（jd_76505074c3406）的城城领现金助力码】
 -ryUXqoJZmFDZBaXSd_F8ViqsFnMbgZW


【账号223（jd_QeSYIISycHfe）的城城领现金助力码】
 -ryUOPlvDx06AFuXMo2Qu_ZAG6bUw4s


【账号224（selee3389）的城城领现金助力码】
 472nDPkPZWxKL17EBpfUh00


【账号225（nan5210）的城城领现金助力码】
 _rmlXK4NZigPY16IW6vR


【账号226（jd_7ce36b289a7cf）的城城领现金助力码】
 -ryUXv9ZZWIRYRrNG9yWoZiEfAk_-ItP


【账号227（jd_5044d2bea0aa3）的城城领现金助力码】
 -ryUXKwIYjBBMUeVSoqU9O89CIK2MhSl


【账号228（jd_dPUBcTXTsSgf）的城城领现金助力码】
 -ryUDcxpFDcnC3aHKYyTuyUhdesVpkM


【账号229（jd_allBjsEHUJAU）的城城领现金助力码】
 -ryUCPBQFD4AFmqhMKqgu4iPAhq1884


【账号230（jd_CpBBdApacNTY）的城城领现金助力码】
 -ryUKux-FDAyI0OXNL-su4QcLV0rl0U


【账号231（jd_5efae5467d5b7）的城城领现金助力码】
 -ryUXPlaNzFGZxTDHt6X8Nzh4gf3BLR4


【账号232（jd_45e7bc6ab0194）的城城领现金助力码】
 -ryUXalZYTYQZUOWStrM83bYf_m87Exs



获取邀请码失败:活动太火爆啦
账号已黑，看不到邀请码


【账号234（jd_43243c8ae3d38）的城城领现金助力码】
 -ryUXa8OYmcQa0ORSY_G_z0Wim_IHce0


【账号235（jd_METKYDshBPQK）的城城领现金助力码】
 -ryUJNloHQ03IEq2Krq-u91Eg3XYCvE


【账号236（34207085-204222）的城城领现金助力码】
 o-z5WasMbmFeYRLASNnHu0gkawPNhl4


【账号237（jd_51fd87c00ac82）的城城领现金助力码】
 -ryUXK1aMmxEMBLEG4jN9QfC3C95zJBU


【账号238（jd_kkMyeVeAPNqG）的城城领现金助力码】
 -ryUAvdxLzElNmOkNJqyu0VzhqVzkuk


【账号239（jd_443ce1d095380）的城城领现金助力码】
 -ryUXagPNTFCNxLNT9jN97SF1u-BdOgw


【账号240（丁香花399）的城城领现金助力码】
 dGBKgDqlvt7CYBvNBpfFuwJENTk


【账号241（jd_600d5d2365dda）的城城领现金助力码】
 -ryUX6wMMmEXYRHCT4-RptXUhIu7d10v


【账号242（z1078354986）的城城领现金助力码】
 6un7XqQPY2BKaxSIBtuJu3suXw


【账号243（jd_7fd299aa0e6e2）的城城领现金助力码】
 -ryUXvpYZG1KMkPEH92Q9VIz-93y385d


【账号244（jd_6e8cf3112b42a）的城城领现金助力码】
 -ryUX_kENTJAYhPGGN_HptBnEVAWueY3


【账号245（jd_SNpHFumtfdCO）的城城领现金助力码】
 -ryUOtJMHhIGPlaSHqi6u_PHXxdgftA


【账号246（jd_jmhptQHpbefB）的城城领现金助力码】
 -ryUA_FUJiAiG1KWH423u7lr7qkG5ng


【账号247（jd_47df40b3092a8）的城城领现金助力码】
 -ryUXatYMGBDMRHEQ9mU_9l2sADIBH4S


【账号248（jd_517b76d20f452）的城城领现金助力码】
 -ryUXK0LNGNFNxDEHN_A9S53sc9TSxjm


【账号249（18021858080_p）的城城领现金助力码】
 oeD7W60EY2xDaxKrCpeJ961B6i38


【账号250（jd_73ff1e80c44f5）的城城领现金助力码】
 -ryUXq9aMGUWaxKXTt-T8i-R12TzGVlz


【账号251（jd_637fef7d6f884）的城城领现金助力码】
 -ryUX68LMDEVZEbCHNPN85OzTC3k4RhU


【账号252（r92518）的城城领现金助力码】
 4uH5XK0EKihDL17VOs8


【账号253（jd_5bd62aaca2077）的城城领现金助力码】
 -ryUXP5YYGYSMkGVSNvC8AQ5viFp45MZ


【账号254（SaberLily__）的城城领现金助力码】
 w7mpDO5wPzgKDH2IBtuJu6XKIQ


【账号255（1917952128-769702）的城城领现金助力码】
 oeH6XqUJZGVBaw_DTNLC9-2k6IaG7ztddQ


【账号256（jd_7a7fe1c515535）的城城领现金助力码】
 -ryUXv0LMDFCMBfFT97G8kFlXrYr8isC


【账号257（jd_qtSYlLJWKQUs）的城城领现金助力码】
 -ryUGOhvDzg_GXW_K76Gu1By--LV6us



获取邀请码失败:活动太火爆啦
账号已黑，看不到邀请码


【账号259（作为一个兽兽丶）的城城领现金助力码】
 dGVXjSSGsuzzt5pen25IIiZPZrvgLUhQme7MIAE


【账号260（jd_ZHjfXLMMtHYk）的城城领现金助力码】
 -ryUM9RWMAw_Hm-AMrKeu3Ll-0hAT3E


【账号261（1065293733_m）的城城领现金助力码】
 oej9XK4FZWNAYH2ZBpfFuyv_ycU


【账号262（jd_eiVANILEWBYv）的城城领现金助力码】
 -ryUDPVqFxo6H2ejOLKDu7BCDkQRX8c



获取邀请码失败:活动太火爆啦
账号已黑，看不到邀请码



获取邀请码失败:活动太火爆啦
账号已黑，看不到邀请码


【账号265（jd_CdxRRieYWmJC）的城城领现金助力码】
 -ryUKvhEBAYaNnujF6G2u0pmA0ICIIo


【账号266（jd_rtKoguSriWeG）的城城领现金助力码】
 -ryUG-h3OTMGAFCdLY6yu7QMTzgyCkI


【账号267（jd_643415adfb9e4）的城城领现金助力码】
 -ryUX6gPYmVGMkaSGNKQ8xsiqf_MymJ6


【账号268（jd_4089288c1fff0）的城城领现金助力码】
 -ryUXawEb2ZLa0HFHI2T91UWc7N-i6Ta


【账号269（jd_5f3bb16def413）的城城领现金助力码】
 -ryUXPoPNDZCZUaRHN_E9PVf2cvsp-zH


【账号270（gxbx163）的城城领现金助力码】
 96CpEa0KZSgPY16IW6vR


【账号271（gb1968）的城城领现金助力码】
 97r6UKoEKihDL17VOs8


【账号272（jd_58d1adf4ea30a）的城城领现金助力码】
 -ryUXKRYZzUXNRaRG9jFplkC9PFgdGoT


【账号273（jd_4cd31c34f555e）的城城领现金助力码】
 -ryUXf9YZWUQYBaST97AoiMAibUjRpO_


【账号274（jd_aVXAujWfaIIJ）的城城领现金助力码】
 -ryUCMpkFyEZBESVM6K_u7wX8m_67QA


【账号275（jd_BZRxRfQnJgsW）的城城领现金助力码】
 -ryUK8ZuLgYVAky-HZiiu7P5XrWKt7k


【账号276（jd_REfKeBjyfVjA）的城城领现金助力码】
 -ryUO9laHTExOVuSLIG0u-JCYoWmEYU


【账号277（jd_57bdfa0b52816）的城城领现金助力码】
 -ryUXKteMjISY0DBSNPE8bqsjgLhNLBP


【账号278（jd_HWfhfhkepRTq）的城城领现金助力码】
 -ryUIctaPjIbOEeEKL-Eu0oTrUheYC0


【账号279（wdleNJKEbTlSAl）的城城领现金助力码】
 57ynDNJ2HRERB06nO4eJuwJW_Q0VAw


【账号280（zliuzi）的城城领现金助力码】
 6rSiHOZVKihDL17VOs8


【账号281（jd_4a1d22fb58dcc）的城城领现金助力码】
 -ryUXf0NMmZBNUDBQo-WpM6bnb1-ytye


【账号282（jd_7677da0aed3a8）的城城领现金助力码】
 -ryUXqoLYTASY0ORHtiU_3tuIJNHzaBd


【账号283（53941114-970638）的城城领现金助力码】
 pevyXa0NZ2BeahXETNjNu5xZSsijE6A


【账号284（jd_5c3c468719589）的城城领现金助力码】
 -ryUXP8PNWBFaxXFQ97N_uAjDnVSH3Q9


【账号285（jd_766fdb9d7d0ea）的城城领现金助力码】
 -ryUXqoKMDARakbDHtuQpvssnngqddn-


【账号286（杰森476）的城城领现金助力码】
 dkV7jz-SYmNFL17EBpfUh3E


【账号287（13632224654_p）的城城领现金助力码】
 oev9Wq4OZGBFZharCpeJ96XeYCBc


【账号288（李寅184）的城城领现金助力码】
 dkVFjDO5Z2xHL17EBpfUh1M


【账号289（仰望1991星空）的城城领现金助力码】
 dGN7jwCnZ21KYsRs5QxcfTJZ5n-mfGq1


【账号290（jd_KPNKYrlZDFTO）的城城领现金助力码】
 -ryUIsxyHQ0BP3iwPL-6u1jAJPOUmLc


【账号291（小兔儿-）的城城领现金助力码】
 dWhEjBmos9DMfl6ISpeJ5hFv


【账号292（218146202-73948093）的城城领现金助力码】
 ounzWKgKZGRBfhXHQ9_N9_KjEk7VLkIw96M


【账号293（13544532137_p）的城城领现金助力码】
 oev-XagJZWZCYBWrCpeJ9xri8VVp


【账号294（jd_76f47bb5ad9de）的城城领现金助力码】
 -ryUXqpaYmMRMReVHtKRomp-MBzthwi6


【账号295（18680498382_p）的城城领现金助力码】
 oeD9UawIb2xAaxCrCpeJ9-eqyulo


【账号296（wdHMEWHcbyXrwz）的城城领现金助力码】
 57yDJNlrHjcRKnqGDZGJuwx18soN5Q


【账号297（jd_4322c0fe80170）的城城领现金助力码】
 -ryUXa8OZDdDNUfMStrC9zMRXp8EY4Ci


【账号298（易强568）的城城领现金助力码】
 dkBYjCCGY2JLL17EBpfUh48


【账号299（jd_521763b1d09bb）的城城领现金助力码】
 -ryUXK4NYWJAMROQStKXpa2sX7Vxk9f0


【账号300（jd_6e22a788e0f24）的城城领现金助力码】
 -ryUX_kOZDVEaxqRSo3H83Em3xpYh98Q


【账号301（19363940-337797）的城城领现金助力码】
 oeH4X68FYmReYBHDTdLCuwrLwzZNaWc


【账号302（jd_5ef7a6767974f）的城城领现金助力码】
 -ryUXPlaYTVFZBTDQ9zBoaRp6yUDQVYM


【账号303（jd_4dbee414e31b5）的城城领现金助力码】
 -ryUXfheMzFHYhaRSdqX8hxA6LBrgHvz


【账号304（jd_4a79a7703cbf1）的城城领现金助力码】
 -ryUXf0LbzVEZBLHGYmT9g-VlP61hhVn


【账号305（fengcuichan）的城城领现金助力码】
 9r2lDv9JPzcbMkyIBtuJu6LFVg


【账号306（海吻jd）的城城领现金助力码】
 dm18jAyHPDAPLxKIBsq14w


【账号307（wdNCiPgxHPiqKkx）的城城领现金助力码】
 57yFKvVsMSw7A0uFMYCNuy_Lv-6vO_Y


【账号308（619267057_m）的城城领现金助力码】
 punyW6oLZmFEDE-IBtuJu5p9dQ



获取邀请码失败:活动太火爆啦
账号已黑，看不到邀请码


【账号310（18925051231_p）的城城领现金助力码】
 oeDyW6kMY2VBYBOrCpeJ91DixFwY


【账号311（254535673_m）的城城领现金助力码】
 ou3_XK8JYGNADE-IBtuJu9IlDA


【账号312（jd_7208eddeb0511）的城城领现金助力码】
 -ryUXq4MbjEXN0eWSt7E9lzh-DSj28vC


【账号313（jd_534a775b7173d）的城城领现金助力码】
 -ryUXK8IN2NEZkDDS9zGo_pdfpzXT1UD


【账号314（wdIXIZyfcHFoTG）的城城领现金助力码】
 57yCMdVmLzIQG2SbLqyJu5fHm4fD-A


【账号315（15815891402_p）的城城领现金助力码】
 oe3zWKkEb2VHYxCrCpeJ9_Xy6Xgw


【账号316（wdSLQYdxabgLSJ）的城城领现金助力码】
 57yYJc1lMiwSMUW4KaGJuwB0b9ZwqQ


【账号317（jd_mnHpJPNqYfuv）的城城领现金助力码】
 -ryUBPJ0Jh4jHVOtHJ6DuwUha2zMBaI


【账号318（jd_6e1aea1d284bb）的城城领现金助力码】
 -ryUX_kNNzESYkbGQt-XpTDmlSGWPPCU


【账号319（jd_5918980c5570e）的城城领现金助力码】
 -ryUXKUNbm1LY0HBT9zFoqDJ6erLoXNm


【账号320（jd_711c0caf2e981）的城城领现金助力码】
 -ryUXq0NNWQQMkTGH9LN9orr_a7OKEB2


【账号321（jd_mJchLQaufWPf）的城城领现金助力码】
 -ryUBNZfPhgiMleSLbuTu4gRmJlrgDk


【账号322（jd_zGkMbPPaMzQH）的城城领现金助力码】
 -ryUE9tXGzYjA0O5ALq9u9ttaaPxbw0


【账号323（jd_65531939a9e44）的城城领现金助力码】
 -ryUX6kJZWVKYBuVQ47B85kM8yMqFsvN



获取邀请码失败:活动太火爆啦
账号已黑，看不到邀请码


【账号325（jd_756fddc402d8b）的城城领现金助力码】
 -ryUXqkKMDAXMBbESI_NpYI1djl_yCUu


【账号326（jd_79f559d21a73a）的城城领现金助力码】
 -ryUXqVaY2FKNxDFG9zGpvU9Zw1F7JOZ


【账号327（jd_VRnUsLYKySan）的城城领现金助力码】
 -ryUP85SAyc_CmmNKYqbuzv2SzNCapQ


【账号328（jd_ijiOLVfYfTHb）的城城领现金助力码】
 -ryUAPZVGRglNXuSLqOXu2AvsBkk1Ak


【账号329（贾辉钰12）的城城领现金助力码】
 eGx1gSK1v8bDYhCIBtuJu35leg


【账号330（jd_74ead9aa08ef7）的城城领现金助力码】
 -ryUXqhZNzBKMkPEQo6T8HucfQXu_k1G


【账号331（jd_5329f14a88246）的城城领现金助力码】
 -ryUXK8ObzJCZ0PMQtnB8WjW99KF0enm


【账号332（jd_699648b4ab9aa）的城城领现金助力码】
 -ryUX6UFYGBLMRaVGNKUpmKSATNlGRBf



获取邀请码失败:活动太火爆啦
账号已黑，看不到邀请码



获取邀请码失败:活动太火爆啦
账号已黑，看不到邀请码


【账号335（jd_4f2ad9952f4bb）的城城领现金助力码】
 -ryUXfoONzBKahfGHN-Xpd1_GpkfRlRy


【账号336（nhlyh2011）的城城领现金助力码】
 _rCnEPQOZmVCL17EBpfUh70


【账号337（jd_4a8b8428302ad）的城城领现金助力码】
 -ryUXf0ENGxHYRrHStmUo2XCXyHp1CLr


【账号338（最终幻想PRG）的城城领现金助力码】
 dkRLjie0s-3ItaFHKrmyu6pDmz-Ofng


【账号339（l234746170）的城城领现金助力码】
 _Or4XasIYGVEY16ISpeJ5pvM


【账号340（jd_41aa69d462072）的城城领现金助力码】
 -ryUXa1dN2JKNxbCSNvC9ShJO2cc4Pd2


【账号341（ybsyjbl1201）的城城领现金助力码】
 6bq4EPZeOmVBYxOIBtuJuyqpuQ


【账号342（jd_6259c0fdb272c）的城城领现金助力码】
 -ryUX64JbzdDNUaWSNzHpJoOGZebJvS_


【账号343（282436130_m）的城城领现金助力码】
 ouD5Xa8KZ2dDDE-IBtuJu88C_Q


【账号344（78315534-149084）的城城领现金助力码】
 p-D4WKkJZWBeYhbNStPBuz-7s5mzDF4


【账号345（wdciBKNySkEGKI）的城城领现金助力码】
 57yoAN53GC0gOGezMaKJu53MUuDosg


【账号346（jd_61816be82693f）的城城领现金助力码】
 -ryUX60EZ2IRNhrGTNLGoc2oK-Qv-oOM


【账号347（jd_415cbf6bf1db4）的城城领现金助力码】
 -ryUXa0JNTYVZUCSS4-X89hi6FeHDEJ6


【账号348（jd_78a5ed5d35bc1）的城城领现金助力码】
 -ryUXqRdYzEXZkbHT4mW9r4YyHH04Dy5


【账号349（Xerneas）的城城领现金助力码】
 yL25B_ldJSgPY16IW6vR


【账号350（jd_41f9632dfd31e）的城城领现金助力码】
 -ryUXa1ab2JAYUaSHtjEosUWYb43S75Z


【账号351（jd_60601e8daa2aa）的城城领现金助力码】
 -ryUX6wKZmUWa0aVG9mUpmzhhAXF3Wgy


【账号352（jd_726c0e6702f9e）的城城领现金助力码】
 -ryUXq4KNWQWZRXESI3MomSMSKc1kHUx


【账号353（jd_512acfd2a7c48）的城城领现金助力码】
 -ryUXK0ONzcVNxCVTYjB_8cXwKo1IYiP


【账号354（陈天瑞12345）的城城领现金助力码】
 eUFDjDiVscXtYhDHTt6Ju1FLUtPqCg


【账号355（jd_4752bb4e024bc）的城城领现金助力码】
 -ryUXasJZDYRZ0fESN-XpElemfl8qCKg


【账号356（m-dad）的城城领现金助力码】
 _fWvCPhAKmQPLwO0Xg


【账号357（jd_icXLzuNImiZU）的城城领现金助力码】
 -ryUAP9kGi4GHWuZE7Ggu6hKk64nFSY


【账号358（胡荣超123）的城城领现金助力码】
 eFtqgRGfvuL2YhDHBpfFu92BEgo


【账号359（黄氏网络集团）的城城领现金助力码】
 eWNPjyyzsenitJlok3BzImxf_NWUhyWPnlM


【账号360（jd_7afe45e017c19）的城城领现金助力码】
 -ryUXv1aM2BGNhLFTYjE_ohJxa8SyNsn


【账号361（jd_79243d91b2fde）的城城领现金助力码】
 -ryUXqUOYmcXahOWSI2Rorx1lZQEehVF



获取邀请码失败:活动太火爆啦
账号已黑，看不到邀请码



获取邀请码失败:活动太火爆啦
账号已黑，看不到邀请码


【账号364（wdUhsalzOzUjWZ）的城城领现金助力码】
 57yeAe9dOi48KXeeLbGJu2kBmDDdzA


【账号365（jd_75e7e4a23fc9a）的城城领现金助力码】
 -ryUXqlZYTFHMhDHHIjMpmj5AqpECVJ7


【账号366（jd_ERcBxDddpFFf）的城城领现金助力码】
 -ryULM5fFCw3N0aEPK2Tu0_k4GIC1pg


【账号367（jd_46a5f367db73f）的城城领现金助力码】
 -ryUXapdYzJAZRWQGNzGoVJh-EjE_Gnh


【账号368（303419225-562959）的城城领现金助力码】
 o-j4Xa0FZGZGfhfCSNLA_pYMBDegF6qG


【账号369（jd_4f7652739a1fe）的城城领现金助力码】
 -ryUXfoLYGFBZBHNG9qTootZVeUNbTJi


【账号370（jd_529660d2a4b7f）的城城领现金助力码】
 -ryUXK4FYGJDNxCVTonCoYDYFoijPAhm


【账号371（jd_52a61a721039b）的城城领现金助力码】
 -ryUXK5dYGUSZBDFStjMpYBDdKbl9p5d


【账号372（jd_638bad461e61e）的城城领现金助力码】
 -ryUX68ENDUXZxTFH93EotgEKvyaTX-s


【账号373（jd_MwaoGHkjjbTv）的城城领现金助力码】
 -ryUJOtdORM7OEieGL-Du1rBlhXYKmc


【账号374（wdxRgQJTELYZjw）的城城领现金助力码】
 57yzO_ttHAA2H3uuEJyJu0cclcZqtw


【账号375（wdNBdEuNRWdVxDt）的城城领现金助力码】
 57yFK_h5IxohBEaiAq-Bu9M8bHpd2hk


🔔城城领现金, 结束! 🕛 427.722 秒


## 执行结束... 2022-01-10 10:33:55 耗时 427 秒
