## 开始执行... 2022-01-10 10:38:27


🔔城城领现金, 开始!
加载sendNotify，当前版本: 20211230_V3
检测到别名缓存文件CKName_cache.json，载入...

====================共99个京东账号Cookie=========

==================脚本执行- 北京时间(UTC+8)：2022/1/10 上午10:38:28=====================

脚本不会自动抽奖，建议活动快结束开启，默认关闭(在10.29日自动开启抽奖),如需自动抽奖请设置环境变量  JD_CITY_EXCHANGE 为true

【账号1（jd_7c3c68f72e067）的城城领现金助力码】
 -ryUXv8PNWJLNRXGH9vD8ArJWJRolA2Y


【账号2（千山暮雪0532）的城城领现金助力码】
 dVVIjC2NsM7durleSt7G9eub6UP8m6zo


【账号3（jd_7037eeb237a5b）的城城领现金助力码】
 -ryUXqwPYTEWMRDHTYrApUCUmFZmxlD2


【账号4（jd_4810aecee63b6）的城城领现金助力码】
 -ryUXaQNZjUWMEeRTNiX8UG7GyG--Fli


【账号5（jd_7ba773a74d158）的城城领现金助力码】
 -ryUXv5dYWNAMhXAHtrA_z10v00yFiPZ


【账号6（难解其中味）的城城领现金助力码】
 eUJ1gTufs9HFt5pZn3pGuwIA_8T9ZwM


【账号7（wdGeaCERJPKdal）的城城领现金助力码】
 57yMDP1_EwY5A2mQG4eJu6I4LT5Omw


【账号8（jd_5740d4a360c90）的城城领现金助力码】
 -ryUXKsIZjBHMhHCSojM9yHOiwsFk7-p


【账号9（bus_wu）的城城领现金助力码】
 8q24NutJKihDL17VOs8


【账号10（jd_7e0c162ed1132）的城城领现金助力码】
 -ryUXvkMNWVFYUeQS9rG9ZJjlC6D-QSI


【账号11（jd_57f3e04de9cc3）的城城领现金助力码】
 -ryUXKtaZTFDZ0aRQ4iW9FZ1oBqM5-zf


【账号12（jd_AHiqABQPGyZX）的城城领现金助力码】
 -ryUKNRVJxUxAnKzA7Gtu3THU9jvq2k


【账号13（歌歌的怀念）的城城领现金助力码】
 dnVHjzGwsc73taJ0n1RAu46xxABnolQ


【账号14（jd_78bd97f5f848d）的城城领现金助力码】
 -ryUXqReMm1ENReSQt_No3K0nojECktB


【账号15（jd_4382345f28f3b）的城城领现金助力码】
 -ryUXa8EZGdHZkTGQo3GpZjJwuUgnEJ4


【账号16（jd_7b0ca24531079）的城城领现金助力码】
 -ryUXv4MNTVBZxfHS9vC_s6J2t-mOWlx



获取邀请码失败:活动太火爆啦
账号已黑，看不到邀请码



获取邀请码失败:活动太火爆啦
账号已黑，看不到邀请码


【账号19（jd_RjIPWlzkqRgO）的城城领现金助力码】
 -ryUO_Z1BgMfKUmFKIy6u56kHD51Om4


【账号20（jd_751ef6603c670）的城城领现金助力码】
 -ryUXqkNMzJFZRLHGd3C9w8VUjU-JEn0



获取邀请码失败:活动太火爆啦
账号已黑，看不到邀请码


【账号22（jd_63104d4178979）的城城领现金助力码】
 -ryUX68NZmAXZxPDQtLC_heGzuRCC6nD


【账号23（jd_410bfee705d47）的城城领现金助力码】
 -ryUXa0MNDIWNhXET4_B8Owg5K3CfjJb


【账号24（jd_5b7c6c95183a4）的城城领现金助力码】
 -ryUXP4LNWIQahfFQtiU8_BDRMJa3l_t


【账号25（jd_691f824955953）的城城领现金助力码】
 -ryUX6UNMGxBZxvBT9LA9DkzfKT43Zvo


【账号26（jd_WYUTffkjlDhd）的城城领现金助力码】
 -ryUPsVpAjIVOEiYPoORuxU9VCzky9M


【账号27（春风过马）的城城领现金助力码】
 dkBugD-yvuv0uotYBpfFu71RFNs



获取邀请码失败:活动太火爆啦
账号已黑，看不到邀请码


【账号29（jd_7ab627f9bc030）的城城领现金助力码】
 -ryUXv1eYGZENRuWGdvG9xpxNiwvowB8


【账号30（陈景511）的城城领现金助力码】
 eUFDjwWTY2VCL17EBpfUh8g


【账号31（jd_YerlEfkWwoCI）的城城领现金助力码】
 -ryUMPlOOhEVOHWDFai8u5vmTaEkN0U


【账号32（昕星辰）的城城领现金助力码】
 dkBejwSjvurDL17EBpfUh7E


【账号33（jd_59ad38ebc6bad）的城城领现金助力码】
 -ryUXKVdMmdLNkCXTImUo4__XQn3DnGS


【账号34（jd_4ec50f34281fd）的城城领现金助力码】
 -ryUXflfY2QVYBbGQtqTow67sA_AHUSf


【账号35（jd_PNyZcqPpWYGc）的城城领现金助力码】
 -ryUOdJFDDcCA1KjI6yWu8tXwJj8Jbk


【账号36（锰酸钾）的城城领现金助力码】
 eUx7gBmEv8bNL17EBpfUh6s


【账号37（18039551109_p）的城城领现金助力码】
 oeD7WqUJY2VCYxurCpeJ9wCvxjIB


【账号38（jd_tqaVFhiQlKUO）的城城领现金助力码】
 -ryUHe1dABIbOnOYMb66u9lBIXaJ8fA


【账号39（愛哭灬猫）的城城领现金助力码】
 dlxQjA-RsdXftK5fBpfFu2bGBfo


【账号40（jd_75495a211c482）的城城领现金助力码】
 -ryUXqkIb2ESYRPFGd_N9QnwHDWonL_V


【账号41（jd_DjTYElxspwEk）的城城领现金助力码】
 -ryULfZoDxEfK1GEDa6eu8Eo8Pq9SnY


【账号42（jd_50c540f82445b）的城城领现金助力码】
 -ryUXKxfY2BDNRrGTt_ApX2zcx-8DqAo


【账号43（565294980_m）的城城领现金助力码】
 pe7-W6UIb2xDDE-IBtuJu5YZ6g


【账号44（jd_7647947a0a914）的城城领现金助力码】
 -ryUXqoIYW1HZEPEG9LE8yA9_vybIhJN


【账号45（jd_hhHxyNfoQYcd）的城城领现金助力码】
 -ryUAfR0Li09NU2lI4iRu5U5hKvaz4E


【账号46（jd_itizVwOZWbyq）的城城领现金助力码】
 -ryUAOhVLAIEHHijGJKEu4UZpmz506w


【账号47（jd_7036f19b5ea01）的城城领现金助力码】
 -ryUXqwPYDJCakDBH4rF9otmAQ_24-M0



city_getHomeDatav1失败:{"code":-30001,"msg":"登陆失败"}


【账号49（zengxiaodi123456）的城城领现金助力码】
 6r2lDuRVNzsXOhPGSd_A8ZdKrcnXr78q


【账号50（jd_58315dc5c11c4）的城城领现金助力码】
 -ryUXKQPZ2EXMBeXS9qW87cudIKQNI2E



获取邀请码失败:活动太火爆啦
账号已黑，看不到邀请码



获取邀请码失败:活动太火爆啦
账号已黑，看不到邀请码


【账号53（jd_46fd0a27a44f2）的城城领现金助力码】
 -ryUXapaMmQSYRWVTt-T9aeBMLKP4t_w


【账号54（7866545-588391）的城城领现金助力码】
 p-D9X6kIY3lGaxrHQ9qJu0_UKVlZEQ


【账号55（jd_55229a2e65f96）的城城领现金助力码】
 -ryUXKkOZG0SYUfCT43M8QM4A0Bw1W3k



获取邀请码失败:活动太火爆啦
账号已黑，看不到邀请码


【账号57（jd_674c389b91b35）的城城领现金助力码】
 -ryUX6sINWdLakDNS4nG8ivyS2EMAtjB


【账号58（林树龙）的城城领现金助力码】
 dkZcjzytv-rqL17EBpfUh1E


【账号59（jd_5af470caf3daf）的城城领现金助力码】
 -ryUXP1aYmNDMEOSSY-UoX92Jvi25GiC


【账号60（jd_7146abaa07417）的城城领现金助力码】
 -ryUXq0IYDURMkPETd_E8EdXm6hjOiTQ


【账号61（hou8762000_m）的城城领现金助力码】
 -Le-UasKZGRDY32ZBpfFu7j96Wg


【账号62（jd_5132de1c9437b）的城城领现金助力码】
 -ryUXK0PZDAWYkHNTtjCpWYUOl22OMo_


【账号63（jd_IWXvjAhpmLtJ）的城城领现金助力码】
 -ryUIMtkID4yO1KZNp-_u9OR3QYEEhY


【账号64（jd_4bfed3a8ebcfe）的城城领现金助力码】
 -ryUXf5aMzBAMhqRGIiToleOH38uLWR7


【账号65（jd_558125e18786a）的城城领现金助力码】
 -ryUXKkEZ2ZGNhPMTdPDpnbObq0Bf0Q7


【账号66（jd_7c5361ff0dce9）的城城领现金助力码】
 -ryUXv8JZWJCNUTEHoiQ_tNUSBhqFK8v


【账号67（jd_TRUppNaSTuFW）的城城领现金助力码】
 -ryUPc5pJiQ9MnGgD62iu4PyRbvs37M



获取邀请码失败:活动太火爆啦
账号已黑，看不到邀请码


【账号69（jd_HKUlAABoPPYQ）的城城领现金助力码】
 -ryUIddpOhUyEU2kKrKku9Two9LyVQI


【账号70（jd_ERxcIZRKQVjf）的城城领现金助力码】
 -ryULM5ENR0pAWmlLIGTuzsoJMaBDPk



获取邀请码失败:活动太火爆啦
账号已黑，看不到邀请码


【账号72（jd_5b66b5056a1b6）的城城领现金助力码】
 -ryUXP4KYDZGYxfCG9qX8f-VN8TUqWHi


【账号73（15819728097_p）的城城领现金助力码】
 oe3zWKULZGxDahWrCpeJ93wDPOff


【账号74（jd_45e2bfec57b58）的城城领现金助力码】
 -ryUXalZZDYVNkHBTYnA__k87aa2zqnl



获取邀请码失败:活动太火爆啦
账号已黑，看不到邀请码



获取邀请码失败:活动太火爆啦
账号已黑，看不到邀请码


【账号77（jd_59793beaa8e1e）的城城领现金助力码】
 -ryUXKULb2cRNkOVQo7EoqxMpty7dwyV



获取邀请码失败:活动太火爆啦
账号已黑，看不到邀请码


【账号79（jd_RdicYkiqmTpY）的城城领现金助力码】
 -ryUO_hVNQ0YOlOZLpusuybDc7OIK0U



获取邀请码失败:活动太火爆啦
账号已黑，看不到邀请码


【账号81（jd_69903e4f9b5c2）的城城领现金助力码】
 -ryUX6UFZmcWZ0TNGN6W9ftJ-zSNR84q


【账号82（jd_519e29beb430e）的城城领现金助力码】
 -ryUXK0FM2ZKMUeWTtjFoh2rr4FeHNmw


【账号83（jd_ezFHGYgaMtWr）的城城领现金助力码】
 -ryUDOZ6HhMqNEO5DryHuziWKzDAdWA


【账号84（caomei1009）的城城领现金助力码】
 87mkBPlVZ2RDal6ISpeJ5tu6


【账号85（GuSuper_）的城城领现金助力码】
 162YHOxZJAsPLxKIBsq14w



获取邀请码失败:活动太火爆啦
账号已黑，看不到邀请码


【账号87（jd_4fd0f4a014106）的城城领现金助力码】
 -ryUXfpYZjJHMhLFTtrF8cEs85p2OkIU


【账号88（jd_7bc3a3bf878ea）的城城领现金助力码】
 -ryUXv5fZTVAMUTMTdOQpr_Fyy6hhEWN


【账号89（jd_4c23497028e04）的城城领现金助力码】
 -ryUXf8OZWBKZBLGQo7F8wxHWN1Ya1ED


【账号90（jd_5dab7cb4375cd）的城城领现金助力码】
 -ryUXPhdNGMQMRbHTd6Wo-HSC0M5MNux


【账号91（jd_eftSYyAdAxKR）的城城领现金助力码】
 -ryUDPpIBQ0KEka1AqCnuz55KdYTROs



获取邀请码失败:活动太火爆啦
账号已黑，看不到邀请码


【账号93（313758975-657345）的城城领现金助力码】
 o-n4XqkEb2NGfhTBTdjB8tqkPAud8ojw


【账号94（chnmrdiao）的城城领现金助力码】
 87ClBO5YPzUcL17EBpfUh5M


【账号95（堕落时光丶）的城城领现金助力码】
 dXhegQyBsMPFtqd9nlNDuzp-IzHAXZQ


【账号96（jd_GOQHFVRQnOXC）的城城领现金助力码】
 -ryULtNtHhIlAXOaNbO2uwJLxVEcJ9o


【账号97（jd_5e39471ad70de）的城城领现金助力码】
 -ryUXPkPb2BEYkOQTduRov8nqvHXvi9X


【账号98（jd_42657aa11c5a3）的城城领现金助力码】
 -ryUXa4KY2MSMhPFGd6U9PI63TlVyLPe


【账号99（x357924754）的城城领现金助力码】
 6Ov-XqUOYmNGZ16ISpeJ5iFF


🔔城城领现金, 结束! 🕛 113.622 秒


## 执行结束... 2022-01-10 10:40:21 耗时 114 秒
